<?xml version="1.0" encoding="UTF-8"?>
<!-- Generated by org.testng.reporters.JUnitXMLReporter -->
<testsuite ignored="0" hostname="LAPTOP-2I09E2IK" failures="0" tests="12" name="Test" time="0.102" errors="0" timestamp="2023-02-16T10:03:31 IST">
  <testcase classname="testC.Class3" name="method3b" time="0.022"/>
  <testcase classname="testB.Class2" name="method2b" time="0.019"/>
  <testcase classname="testA.Class1" name="method1a" time="0.018"/>
  <testcase classname="testB.Class2" name="method2c" time="0.019"/>
  <testcase classname="testA.Class1" name="method1c" time="0.019"/>
  <testcase classname="testB.Class2" name="method2a" time="0.017"/>
  <testcase classname="testA.Class1" name="method1d" time="0.021"/>
  <testcase classname="testB.Class2" name="method2d" time="0.017"/>
  <testcase classname="testC.Class3" name="method3a" time="0.024"/>
  <testcase classname="testC.Class3" name="method3c" time="0.008"/>
  <testcase classname="testC.Class3" name="method3d" time="0.006"/>
  <testcase classname="testA.Class1" name="method1b" time="0.002"/>
</testsuite> <!-- Test -->
