<?xml version="1.0" encoding="UTF-8"?>
<!-- Generated by org.testng.reporters.JUnitXMLReporter -->
<testsuite ignored="4" hostname="LAPTOP-2I09E2IK" failures="0" tests="4" name="Test2" time="0.017" errors="0" timestamp="2023-02-15T20:17:22 IST">
  <testcase classname="testB.Class2" name="method2a" time="0.001"/>
  <testcase classname="testC.Class3" name="method3b" time="0.001"/>
  <testcase classname="testC.Class3" name="method3c" time="0.001"/>
  <testcase classname="testC.Class3" name="method3d" time="0.002"/>
  <testcase classname="testB.Class2" name="method2d" time="0.0">
    <ignored/>
  </testcase> <!-- method2d -->
  <testcase classname="testB.Class2" name="method2c" time="0.0">
    <ignored/>
  </testcase> <!-- method2c -->
  <testcase classname="testC.Class3" name="method3a" time="0.0">
    <ignored/>
  </testcase> <!-- method3a -->
  <testcase classname="testB.Class2" name="method2b" time="0.0">
    <ignored/>
  </testcase> <!-- method2b -->
</testsuite> <!-- Test2 -->
