<?xml version="1.0" encoding="UTF-8"?>
<testng-results ignored="0" total="1" passed="1" failed="0" skipped="0">
  <reporter-output>
  </reporter-output>
  <suite started-at="2023-02-18T02:20:29 IST" name="Default suite" finished-at="2023-02-18T02:20:59 IST" duration-ms="30216">
    <groups>
    </groups>
    <test started-at="2023-02-18T02:20:29 IST" name="Default test" finished-at="2023-02-18T02:20:59 IST" duration-ms="30216">
      <class name="test.Signup">
        <test-method is-config="true" signature="launch()[pri:0, instance:test.Signup@6aeb35e6]" started-at="2023-02-18T02:20:30 IST" name="launch" finished-at="2023-02-18T02:20:35 IST" duration-ms="5190" status="PASS">
          <reporter-output>
          </reporter-output>
        </test-method> <!-- launch -->
        <test-method signature="signup(java.lang.String,java.lang.String,java.lang.String,java.lang.String,java.lang.String,java.lang.String,java.lang.String,java.lang.String,java.lang.String,java.lang.String,java.lang.String,java.lang.String,java.lang.String,java.lang.String,java.lang.String,java.lang.String)[pri:0, instance:test.Signup@6aeb35e6]" started-at="2023-02-18T02:20:35 IST" name="signup" data-provider="provide" finished-at="2023-02-18T02:20:59 IST" duration-ms="23826" status="PASS">
          <params>
            <param index="0">
              <value>
                <![CDATA[VR7356583hs]]>
              </value>
            </param>
            <param index="1">
              <value>
                <![CDATA[Anupam]]>
              </value>
            </param>
            <param index="2">
              <value>
                <![CDATA[Biswas]]>
              </value>
            </param>
            <param index="3">
              <value>
                <![CDATA[9898652789]]>
              </value>
            </param>
            <param index="4">
              <value>
                <![CDATA[9743257864]]>
              </value>
            </param>
            <param index="5">
              <value>
                <![CDATA[Male]]>
              </value>
            </param>
            <param index="6">
              <value>
                <![CDATA[1/14/2001]]>
              </value>
            </param>
            <param index="7">
              <value>
                <![CDATA[106]]>
              </value>
            </param>
            <param index="8">
              <value>
                <![CDATA[32]]>
              </value>
            </param>
            <param index="9">
              <value>
                <![CDATA[9]]>
              </value>
            </param>
            <param index="10">
              <value>
                <![CDATA[JNM Hospital]]>
              </value>
            </param>
            <param index="11">
              <value>
                <![CDATA[Punjab]]>
              </value>
            </param>
            <param index="12">
              <value>
                <![CDATA[Jalandhar]]>
              </value>
            </param>
            <param index="13">
              <value>
                <![CDATA[741089]]>
              </value>
            </param>
            <param index="14">
              <value>
                <![CDATA[anupma12]]>
              </value>
            </param>
            <param index="15">
              <value>
                <![CDATA[cooding78]]>
              </value>
            </param>
          </params>
          <reporter-output>
          </reporter-output>
        </test-method> <!-- signup -->
        <test-method is-config="true" signature="quit()[pri:0, instance:test.Signup@6aeb35e6]" started-at="2023-02-18T02:20:59 IST" name="quit" finished-at="2023-02-18T02:20:59 IST" duration-ms="252" status="PASS">
          <reporter-output>
          </reporter-output>
        </test-method> <!-- quit -->
      </class> <!-- test.Signup -->
    </test> <!-- Default test -->
  </suite> <!-- Default suite -->
</testng-results>
